<?xml version="1.0" encoding="UTF-8"?>
<testsuite xmlns:xsi="http://www.w3.org/2001/XMLSchema-instance" xsi:noNamespaceSchemaLocation="https://maven.apache.org/surefire/maven-surefire-plugin/xsd/surefire-test-report.xsd" name="com.vjkhambe.apachekafka.springapachekafkademo.SpringApacheKafkaDemoApplicationTests" time="26.787" tests="1" errors="0" skipped="0" failures="0">
  <properties>
    <property name="sun.desktop" value="gnome"/>
    <property name="awt.toolkit" value="sun.awt.X11.XToolkit"/>
    <property name="file.encoding.pkg" value="sun.io"/>
    <property name="java.specification.version" value="1.8"/>
    <property name="sun.cpu.isalist" value=""/>
    <property name="sun.jnu.encoding" value="UTF-8"/>
    <property name="java.class.path" value="/home/vijay/Documents/work/07_kafka/code-examples/spring-apache-kafka-demo/target/test-classes:/home/vijay/Documents/work/07_kafka/code-examples/spring-apache-kafka-demo/target/classes:/home/vijay/Documents/work/installed/maven_repo/org/springframework/boot/spring-boot-starter-web/2.4.2/spring-boot-starter-web-2.4.2.jar:/home/vijay/Documents/work/installed/maven_repo/org/springframework/boot/spring-boot-starter/2.4.2/spring-boot-starter-2.4.2.jar:/home/vijay/Documents/work/installed/maven_repo/org/springframework/boot/spring-boot/2.4.2/spring-boot-2.4.2.jar:/home/vijay/Documents/work/installed/maven_repo/org/springframework/boot/spring-boot-autoconfigure/2.4.2/spring-boot-autoconfigure-2.4.2.jar:/home/vijay/Documents/work/installed/maven_repo/org/springframework/boot/spring-boot-starter-logging/2.4.2/spring-boot-starter-logging-2.4.2.jar:/home/vijay/Documents/work/installed/maven_repo/ch/qos/logback/logback-classic/1.2.3/logback-classic-1.2.3.jar:/home/vijay/Documents/work/installed/maven_repo/ch/qos/logback/logback-core/1.2.3/logback-core-1.2.3.jar:/home/vijay/Documents/work/installed/maven_repo/org/apache/logging/log4j/log4j-to-slf4j/2.13.3/log4j-to-slf4j-2.13.3.jar:/home/vijay/Documents/work/installed/maven_repo/org/apache/logging/log4j/log4j-api/2.13.3/log4j-api-2.13.3.jar:/home/vijay/Documents/work/installed/maven_repo/org/slf4j/jul-to-slf4j/1.7.30/jul-to-slf4j-1.7.30.jar:/home/vijay/Documents/work/installed/maven_repo/jakarta/annotation/jakarta.annotation-api/1.3.5/jakarta.annotation-api-1.3.5.jar:/home/vijay/Documents/work/installed/maven_repo/org/yaml/snakeyaml/1.27/snakeyaml-1.27.jar:/home/vijay/Documents/work/installed/maven_repo/org/springframework/boot/spring-boot-starter-json/2.4.2/spring-boot-starter-json-2.4.2.jar:/home/vijay/Documents/work/installed/maven_repo/com/fasterxml/jackson/core/jackson-databind/2.11.4/jackson-databind-2.11.4.jar:/home/vijay/Documents/work/installed/maven_repo/com/fasterxml/jackson/core/jackson-annotations/2.11.4/jackson-annotations-2.11.4.jar:/home/vijay/Documents/work/installed/maven_repo/com/fasterxml/jackson/core/jackson-core/2.11.4/jackson-core-2.11.4.jar:/home/vijay/Documents/work/installed/maven_repo/com/fasterxml/jackson/datatype/jackson-datatype-jdk8/2.11.4/jackson-datatype-jdk8-2.11.4.jar:/home/vijay/Documents/work/installed/maven_repo/com/fasterxml/jackson/datatype/jackson-datatype-jsr310/2.11.4/jackson-datatype-jsr310-2.11.4.jar:/home/vijay/Documents/work/installed/maven_repo/com/fasterxml/jackson/module/jackson-module-parameter-names/2.11.4/jackson-module-parameter-names-2.11.4.jar:/home/vijay/Documents/work/installed/maven_repo/org/springframework/boot/spring-boot-starter-tomcat/2.4.2/spring-boot-starter-tomcat-2.4.2.jar:/home/vijay/Documents/work/installed/maven_repo/org/apache/tomcat/embed/tomcat-embed-core/9.0.41/tomcat-embed-core-9.0.41.jar:/home/vijay/Documents/work/installed/maven_repo/org/glassfish/jakarta.el/3.0.3/jakarta.el-3.0.3.jar:/home/vijay/Documents/work/installed/maven_repo/org/apache/tomcat/embed/tomcat-embed-websocket/9.0.41/tomcat-embed-websocket-9.0.41.jar:/home/vijay/Documents/work/installed/maven_repo/org/springframework/spring-web/5.3.3/spring-web-5.3.3.jar:/home/vijay/Documents/work/installed/maven_repo/org/springframework/spring-beans/5.3.3/spring-beans-5.3.3.jar:/home/vijay/Documents/work/installed/maven_repo/org/springframework/spring-webmvc/5.3.3/spring-webmvc-5.3.3.jar:/home/vijay/Documents/work/installed/maven_repo/org/springframework/spring-aop/5.3.3/spring-aop-5.3.3.jar:/home/vijay/Documents/work/installed/maven_repo/org/springframework/spring-expression/5.3.3/spring-expression-5.3.3.jar:/home/vijay/Documents/work/installed/maven_repo/org/springframework/kafka/spring-kafka/2.6.5/spring-kafka-2.6.5.jar:/home/vijay/Documents/work/installed/maven_repo/org/springframework/spring-context/5.3.3/spring-context-5.3.3.jar:/home/vijay/Documents/work/installed/maven_repo/org/springframework/spring-messaging/5.3.3/spring-messaging-5.3.3.jar:/home/vijay/Documents/work/installed/maven_repo/org/springframework/spring-tx/5.3.3/spring-tx-5.3.3.jar:/home/vijay/Documents/work/installed/maven_repo/org/springframework/retry/spring-retry/1.3.1/spring-retry-1.3.1.jar:/home/vijay/Documents/work/installed/maven_repo/org/apache/kafka/kafka-clients/2.6.0/kafka-clients-2.6.0.jar:/home/vijay/Documents/work/installed/maven_repo/com/github/luben/zstd-jni/1.4.4-7/zstd-jni-1.4.4-7.jar:/home/vijay/Documents/work/installed/maven_repo/org/lz4/lz4-java/1.7.1/lz4-java-1.7.1.jar:/home/vijay/Documents/work/installed/maven_repo/org/xerial/snappy/snappy-java/1.1.7.3/snappy-java-1.1.7.3.jar:/home/vijay/Documents/work/installed/maven_repo/org/slf4j/slf4j-api/1.7.30/slf4j-api-1.7.30.jar:/home/vijay/Documents/work/installed/maven_repo/org/springframework/boot/spring-boot-starter-test/2.4.2/spring-boot-starter-test-2.4.2.jar:/home/vijay/Documents/work/installed/maven_repo/org/springframework/boot/spring-boot-test/2.4.2/spring-boot-test-2.4.2.jar:/home/vijay/Documents/work/installed/maven_repo/org/springframework/boot/spring-boot-test-autoconfigure/2.4.2/spring-boot-test-autoconfigure-2.4.2.jar:/home/vijay/Documents/work/installed/maven_repo/com/jayway/jsonpath/json-path/2.4.0/json-path-2.4.0.jar:/home/vijay/Documents/work/installed/maven_repo/net/minidev/json-smart/2.3/json-smart-2.3.jar:/home/vijay/Documents/work/installed/maven_repo/net/minidev/accessors-smart/1.2/accessors-smart-1.2.jar:/home/vijay/Documents/work/installed/maven_repo/org/ow2/asm/asm/5.0.4/asm-5.0.4.jar:/home/vijay/Documents/work/installed/maven_repo/jakarta/xml/bind/jakarta.xml.bind-api/2.3.3/jakarta.xml.bind-api-2.3.3.jar:/home/vijay/Documents/work/installed/maven_repo/jakarta/activation/jakarta.activation-api/1.2.2/jakarta.activation-api-1.2.2.jar:/home/vijay/Documents/work/installed/maven_repo/org/assertj/assertj-core/3.18.1/assertj-core-3.18.1.jar:/home/vijay/Documents/work/installed/maven_repo/org/hamcrest/hamcrest/2.2/hamcrest-2.2.jar:/home/vijay/Documents/work/installed/maven_repo/org/junit/jupiter/junit-jupiter/5.7.0/junit-jupiter-5.7.0.jar:/home/vijay/Documents/work/installed/maven_repo/org/junit/jupiter/junit-jupiter-params/5.7.0/junit-jupiter-params-5.7.0.jar:/home/vijay/Documents/work/installed/maven_repo/org/junit/jupiter/junit-jupiter-engine/5.7.0/junit-jupiter-engine-5.7.0.jar:/home/vijay/Documents/work/installed/maven_repo/org/junit/platform/junit-platform-engine/1.7.0/junit-platform-engine-1.7.0.jar:/home/vijay/Documents/work/installed/maven_repo/org/mockito/mockito-core/3.6.28/mockito-core-3.6.28.jar:/home/vijay/Documents/work/installed/maven_repo/net/bytebuddy/byte-buddy/1.10.19/byte-buddy-1.10.19.jar:/home/vijay/Documents/work/installed/maven_repo/net/bytebuddy/byte-buddy-agent/1.10.19/byte-buddy-agent-1.10.19.jar:/home/vijay/Documents/work/installed/maven_repo/org/objenesis/objenesis/3.1/objenesis-3.1.jar:/home/vijay/Documents/work/installed/maven_repo/org/mockito/mockito-junit-jupiter/3.6.28/mockito-junit-jupiter-3.6.28.jar:/home/vijay/Documents/work/installed/maven_repo/org/skyscreamer/jsonassert/1.5.0/jsonassert-1.5.0.jar:/home/vijay/Documents/work/installed/maven_repo/com/vaadin/external/google/android-json/0.0.20131108.vaadin1/android-json-0.0.20131108.vaadin1.jar:/home/vijay/Documents/work/installed/maven_repo/org/springframework/spring-core/5.3.3/spring-core-5.3.3.jar:/home/vijay/Documents/work/installed/maven_repo/org/springframework/spring-jcl/5.3.3/spring-jcl-5.3.3.jar:/home/vijay/Documents/work/installed/maven_repo/org/springframework/spring-test/5.3.3/spring-test-5.3.3.jar:/home/vijay/Documents/work/installed/maven_repo/org/xmlunit/xmlunit-core/2.7.0/xmlunit-core-2.7.0.jar:/home/vijay/Documents/work/installed/maven_repo/org/springframework/kafka/spring-kafka-test/2.6.5/spring-kafka-test-2.6.5.jar:/home/vijay/Documents/work/installed/maven_repo/org/apache/kafka/kafka-clients/2.6.1/kafka-clients-2.6.1-test.jar:/home/vijay/Documents/work/installed/maven_repo/org/apache/kafka/kafka-streams/2.6.0/kafka-streams-2.6.0.jar:/home/vijay/Documents/work/installed/maven_repo/org/apache/kafka/connect-json/2.6.0/connect-json-2.6.0.jar:/home/vijay/Documents/work/installed/maven_repo/org/apache/kafka/connect-api/2.6.0/connect-api-2.6.0.jar:/home/vijay/Documents/work/installed/maven_repo/org/rocksdb/rocksdbjni/5.18.4/rocksdbjni-5.18.4.jar:/home/vijay/Documents/work/installed/maven_repo/org/apache/kafka/kafka-streams-test-utils/2.6.0/kafka-streams-test-utils-2.6.0.jar:/home/vijay/Documents/work/installed/maven_repo/org/apache/kafka/kafka_2.13/2.6.0/kafka_2.13-2.6.0.jar:/home/vijay/Documents/work/installed/maven_repo/com/fasterxml/jackson/module/jackson-module-scala_2.13/2.11.4/jackson-module-scala_2.13-2.11.4.jar:/home/vijay/Documents/work/installed/maven_repo/com/fasterxml/jackson/module/jackson-module-paranamer/2.11.4/jackson-module-paranamer-2.11.4.jar:/home/vijay/Documents/work/installed/maven_repo/com/thoughtworks/paranamer/paranamer/2.8/paranamer-2.8.jar:/home/vijay/Documents/work/installed/maven_repo/com/fasterxml/jackson/dataformat/jackson-dataformat-csv/2.11.4/jackson-dataformat-csv-2.11.4.jar:/home/vijay/Documents/work/installed/maven_repo/net/sf/jopt-simple/jopt-simple/5.0.4/jopt-simple-5.0.4.jar:/home/vijay/Documents/work/installed/maven_repo/com/yammer/metrics/metrics-core/2.2.0/metrics-core-2.2.0.jar:/home/vijay/Documents/work/installed/maven_repo/org/scala-lang/modules/scala-collection-compat_2.13/2.1.6/scala-collection-compat_2.13-2.1.6.jar:/home/vijay/Documents/work/installed/maven_repo/org/scala-lang/modules/scala-java8-compat_2.13/0.9.1/scala-java8-compat_2.13-0.9.1.jar:/home/vijay/Documents/work/installed/maven_repo/org/scala-lang/scala-library/2.13.2/scala-library-2.13.2.jar:/home/vijay/Documents/work/installed/maven_repo/org/scala-lang/scala-reflect/2.13.2/scala-reflect-2.13.2.jar:/home/vijay/Documents/work/installed/maven_repo/com/typesafe/scala-logging/scala-logging_2.13/3.9.2/scala-logging_2.13-3.9.2.jar:/home/vijay/Documents/work/installed/maven_repo/org/apache/zookeeper/zookeeper/3.5.8/zookeeper-3.5.8.jar:/home/vijay/Documents/work/installed/maven_repo/org/apache/zookeeper/zookeeper-jute/3.5.8/zookeeper-jute-3.5.8.jar:/home/vijay/Documents/work/installed/maven_repo/org/apache/yetus/audience-annotations/0.5.0/audience-annotations-0.5.0.jar:/home/vijay/Documents/work/installed/maven_repo/io/netty/netty-handler/4.1.58.Final/netty-handler-4.1.58.Final.jar:/home/vijay/Documents/work/installed/maven_repo/io/netty/netty-common/4.1.58.Final/netty-common-4.1.58.Final.jar:/home/vijay/Documents/work/installed/maven_repo/io/netty/netty-resolver/4.1.58.Final/netty-resolver-4.1.58.Final.jar:/home/vijay/Documents/work/installed/maven_repo/io/netty/netty-buffer/4.1.58.Final/netty-buffer-4.1.58.Final.jar:/home/vijay/Documents/work/installed/maven_repo/io/netty/netty-transport/4.1.58.Final/netty-transport-4.1.58.Final.jar:/home/vijay/Documents/work/installed/maven_repo/io/netty/netty-codec/4.1.58.Final/netty-codec-4.1.58.Final.jar:/home/vijay/Documents/work/installed/maven_repo/io/netty/netty-transport-native-epoll/4.1.58.Final/netty-transport-native-epoll-4.1.58.Final.jar:/home/vijay/Documents/work/installed/maven_repo/io/netty/netty-transport-native-unix-common/4.1.58.Final/netty-transport-native-unix-common-4.1.58.Final.jar:/home/vijay/Documents/work/installed/maven_repo/commons-cli/commons-cli/1.4/commons-cli-1.4.jar:/home/vijay/Documents/work/installed/maven_repo/org/apache/kafka/kafka_2.13/2.6.1/kafka_2.13-2.6.1-test.jar:/home/vijay/Documents/work/installed/maven_repo/org/junit/jupiter/junit-jupiter-api/5.7.0/junit-jupiter-api-5.7.0.jar:/home/vijay/Documents/work/installed/maven_repo/org/apiguardian/apiguardian-api/1.1.0/apiguardian-api-1.1.0.jar:/home/vijay/Documents/work/installed/maven_repo/org/opentest4j/opentest4j/1.2.0/opentest4j-1.2.0.jar:/home/vijay/Documents/work/installed/maven_repo/org/junit/platform/junit-platform-commons/1.7.0/junit-platform-commons-1.7.0.jar:"/>
    <property name="java.vm.vendor" value="Oracle Corporation"/>
    <property name="sun.arch.data.model" value="64"/>
    <property name="java.vendor.url" value="http://java.oracle.com/"/>
    <property name="user.timezone" value=""/>
    <property name="java.vm.specification.version" value="1.8"/>
    <property name="os.name" value="Linux"/>
    <property name="user.country" value="IN"/>
    <property name="sun.java.launcher" value="SUN_STANDARD"/>
    <property name="sun.boot.library.path" value="/usr/lib/jvm/java-8-openjdk-amd64/jre/lib/amd64"/>
    <property name="sun.java.command" value="/home/vijay/Documents/work/07_kafka/code-examples/spring-apache-kafka-demo/target/surefire/surefirebooter4774238186149358807.jar /home/vijay/Documents/work/07_kafka/code-examples/spring-apache-kafka-demo/target/surefire 2021-02-16T19-49-16_799-jvmRun1 surefire9119962645663370914tmp surefire_05640698499221962121tmp"/>
    <property name="surefire.test.class.path" value="/home/vijay/Documents/work/07_kafka/code-examples/spring-apache-kafka-demo/target/test-classes:/home/vijay/Documents/work/07_kafka/code-examples/spring-apache-kafka-demo/target/classes:/home/vijay/Documents/work/installed/maven_repo/org/springframework/boot/spring-boot-starter-web/2.4.2/spring-boot-starter-web-2.4.2.jar:/home/vijay/Documents/work/installed/maven_repo/org/springframework/boot/spring-boot-starter/2.4.2/spring-boot-starter-2.4.2.jar:/home/vijay/Documents/work/installed/maven_repo/org/springframework/boot/spring-boot/2.4.2/spring-boot-2.4.2.jar:/home/vijay/Documents/work/installed/maven_repo/org/springframework/boot/spring-boot-autoconfigure/2.4.2/spring-boot-autoconfigure-2.4.2.jar:/home/vijay/Documents/work/installed/maven_repo/org/springframework/boot/spring-boot-starter-logging/2.4.2/spring-boot-starter-logging-2.4.2.jar:/home/vijay/Documents/work/installed/maven_repo/ch/qos/logback/logback-classic/1.2.3/logback-classic-1.2.3.jar:/home/vijay/Documents/work/installed/maven_repo/ch/qos/logback/logback-core/1.2.3/logback-core-1.2.3.jar:/home/vijay/Documents/work/installed/maven_repo/org/apache/logging/log4j/log4j-to-slf4j/2.13.3/log4j-to-slf4j-2.13.3.jar:/home/vijay/Documents/work/installed/maven_repo/org/apache/logging/log4j/log4j-api/2.13.3/log4j-api-2.13.3.jar:/home/vijay/Documents/work/installed/maven_repo/org/slf4j/jul-to-slf4j/1.7.30/jul-to-slf4j-1.7.30.jar:/home/vijay/Documents/work/installed/maven_repo/jakarta/annotation/jakarta.annotation-api/1.3.5/jakarta.annotation-api-1.3.5.jar:/home/vijay/Documents/work/installed/maven_repo/org/yaml/snakeyaml/1.27/snakeyaml-1.27.jar:/home/vijay/Documents/work/installed/maven_repo/org/springframework/boot/spring-boot-starter-json/2.4.2/spring-boot-starter-json-2.4.2.jar:/home/vijay/Documents/work/installed/maven_repo/com/fasterxml/jackson/core/jackson-databind/2.11.4/jackson-databind-2.11.4.jar:/home/vijay/Documents/work/installed/maven_repo/com/fasterxml/jackson/core/jackson-annotations/2.11.4/jackson-annotations-2.11.4.jar:/home/vijay/Documents/work/installed/maven_repo/com/fasterxml/jackson/core/jackson-core/2.11.4/jackson-core-2.11.4.jar:/home/vijay/Documents/work/installed/maven_repo/com/fasterxml/jackson/datatype/jackson-datatype-jdk8/2.11.4/jackson-datatype-jdk8-2.11.4.jar:/home/vijay/Documents/work/installed/maven_repo/com/fasterxml/jackson/datatype/jackson-datatype-jsr310/2.11.4/jackson-datatype-jsr310-2.11.4.jar:/home/vijay/Documents/work/installed/maven_repo/com/fasterxml/jackson/module/jackson-module-parameter-names/2.11.4/jackson-module-parameter-names-2.11.4.jar:/home/vijay/Documents/work/installed/maven_repo/org/springframework/boot/spring-boot-starter-tomcat/2.4.2/spring-boot-starter-tomcat-2.4.2.jar:/home/vijay/Documents/work/installed/maven_repo/org/apache/tomcat/embed/tomcat-embed-core/9.0.41/tomcat-embed-core-9.0.41.jar:/home/vijay/Documents/work/installed/maven_repo/org/glassfish/jakarta.el/3.0.3/jakarta.el-3.0.3.jar:/home/vijay/Documents/work/installed/maven_repo/org/apache/tomcat/embed/tomcat-embed-websocket/9.0.41/tomcat-embed-websocket-9.0.41.jar:/home/vijay/Documents/work/installed/maven_repo/org/springframework/spring-web/5.3.3/spring-web-5.3.3.jar:/home/vijay/Documents/work/installed/maven_repo/org/springframework/spring-beans/5.3.3/spring-beans-5.3.3.jar:/home/vijay/Documents/work/installed/maven_repo/org/springframework/spring-webmvc/5.3.3/spring-webmvc-5.3.3.jar:/home/vijay/Documents/work/installed/maven_repo/org/springframework/spring-aop/5.3.3/spring-aop-5.3.3.jar:/home/vijay/Documents/work/installed/maven_repo/org/springframework/spring-expression/5.3.3/spring-expression-5.3.3.jar:/home/vijay/Documents/work/installed/maven_repo/org/springframework/kafka/spring-kafka/2.6.5/spring-kafka-2.6.5.jar:/home/vijay/Documents/work/installed/maven_repo/org/springframework/spring-context/5.3.3/spring-context-5.3.3.jar:/home/vijay/Documents/work/installed/maven_repo/org/springframework/spring-messaging/5.3.3/spring-messaging-5.3.3.jar:/home/vijay/Documents/work/installed/maven_repo/org/springframework/spring-tx/5.3.3/spring-tx-5.3.3.jar:/home/vijay/Documents/work/installed/maven_repo/org/springframework/retry/spring-retry/1.3.1/spring-retry-1.3.1.jar:/home/vijay/Documents/work/installed/maven_repo/org/apache/kafka/kafka-clients/2.6.0/kafka-clients-2.6.0.jar:/home/vijay/Documents/work/installed/maven_repo/com/github/luben/zstd-jni/1.4.4-7/zstd-jni-1.4.4-7.jar:/home/vijay/Documents/work/installed/maven_repo/org/lz4/lz4-java/1.7.1/lz4-java-1.7.1.jar:/home/vijay/Documents/work/installed/maven_repo/org/xerial/snappy/snappy-java/1.1.7.3/snappy-java-1.1.7.3.jar:/home/vijay/Documents/work/installed/maven_repo/org/slf4j/slf4j-api/1.7.30/slf4j-api-1.7.30.jar:/home/vijay/Documents/work/installed/maven_repo/org/springframework/boot/spring-boot-starter-test/2.4.2/spring-boot-starter-test-2.4.2.jar:/home/vijay/Documents/work/installed/maven_repo/org/springframework/boot/spring-boot-test/2.4.2/spring-boot-test-2.4.2.jar:/home/vijay/Documents/work/installed/maven_repo/org/springframework/boot/spring-boot-test-autoconfigure/2.4.2/spring-boot-test-autoconfigure-2.4.2.jar:/home/vijay/Documents/work/installed/maven_repo/com/jayway/jsonpath/json-path/2.4.0/json-path-2.4.0.jar:/home/vijay/Documents/work/installed/maven_repo/net/minidev/json-smart/2.3/json-smart-2.3.jar:/home/vijay/Documents/work/installed/maven_repo/net/minidev/accessors-smart/1.2/accessors-smart-1.2.jar:/home/vijay/Documents/work/installed/maven_repo/org/ow2/asm/asm/5.0.4/asm-5.0.4.jar:/home/vijay/Documents/work/installed/maven_repo/jakarta/xml/bind/jakarta.xml.bind-api/2.3.3/jakarta.xml.bind-api-2.3.3.jar:/home/vijay/Documents/work/installed/maven_repo/jakarta/activation/jakarta.activation-api/1.2.2/jakarta.activation-api-1.2.2.jar:/home/vijay/Documents/work/installed/maven_repo/org/assertj/assertj-core/3.18.1/assertj-core-3.18.1.jar:/home/vijay/Documents/work/installed/maven_repo/org/hamcrest/hamcrest/2.2/hamcrest-2.2.jar:/home/vijay/Documents/work/installed/maven_repo/org/junit/jupiter/junit-jupiter/5.7.0/junit-jupiter-5.7.0.jar:/home/vijay/Documents/work/installed/maven_repo/org/junit/jupiter/junit-jupiter-params/5.7.0/junit-jupiter-params-5.7.0.jar:/home/vijay/Documents/work/installed/maven_repo/org/junit/jupiter/junit-jupiter-engine/5.7.0/junit-jupiter-engine-5.7.0.jar:/home/vijay/Documents/work/installed/maven_repo/org/junit/platform/junit-platform-engine/1.7.0/junit-platform-engine-1.7.0.jar:/home/vijay/Documents/work/installed/maven_repo/org/mockito/mockito-core/3.6.28/mockito-core-3.6.28.jar:/home/vijay/Documents/work/installed/maven_repo/net/bytebuddy/byte-buddy/1.10.19/byte-buddy-1.10.19.jar:/home/vijay/Documents/work/installed/maven_repo/net/bytebuddy/byte-buddy-agent/1.10.19/byte-buddy-agent-1.10.19.jar:/home/vijay/Documents/work/installed/maven_repo/org/objenesis/objenesis/3.1/objenesis-3.1.jar:/home/vijay/Documents/work/installed/maven_repo/org/mockito/mockito-junit-jupiter/3.6.28/mockito-junit-jupiter-3.6.28.jar:/home/vijay/Documents/work/installed/maven_repo/org/skyscreamer/jsonassert/1.5.0/jsonassert-1.5.0.jar:/home/vijay/Documents/work/installed/maven_repo/com/vaadin/external/google/android-json/0.0.20131108.vaadin1/android-json-0.0.20131108.vaadin1.jar:/home/vijay/Documents/work/installed/maven_repo/org/springframework/spring-core/5.3.3/spring-core-5.3.3.jar:/home/vijay/Documents/work/installed/maven_repo/org/springframework/spring-jcl/5.3.3/spring-jcl-5.3.3.jar:/home/vijay/Documents/work/installed/maven_repo/org/springframework/spring-test/5.3.3/spring-test-5.3.3.jar:/home/vijay/Documents/work/installed/maven_repo/org/xmlunit/xmlunit-core/2.7.0/xmlunit-core-2.7.0.jar:/home/vijay/Documents/work/installed/maven_repo/org/springframework/kafka/spring-kafka-test/2.6.5/spring-kafka-test-2.6.5.jar:/home/vijay/Documents/work/installed/maven_repo/org/apache/kafka/kafka-clients/2.6.1/kafka-clients-2.6.1-test.jar:/home/vijay/Documents/work/installed/maven_repo/org/apache/kafka/kafka-streams/2.6.0/kafka-streams-2.6.0.jar:/home/vijay/Documents/work/installed/maven_repo/org/apache/kafka/connect-json/2.6.0/connect-json-2.6.0.jar:/home/vijay/Documents/work/installed/maven_repo/org/apache/kafka/connect-api/2.6.0/connect-api-2.6.0.jar:/home/vijay/Documents/work/installed/maven_repo/org/rocksdb/rocksdbjni/5.18.4/rocksdbjni-5.18.4.jar:/home/vijay/Documents/work/installed/maven_repo/org/apache/kafka/kafka-streams-test-utils/2.6.0/kafka-streams-test-utils-2.6.0.jar:/home/vijay/Documents/work/installed/maven_repo/org/apache/kafka/kafka_2.13/2.6.0/kafka_2.13-2.6.0.jar:/home/vijay/Documents/work/installed/maven_repo/com/fasterxml/jackson/module/jackson-module-scala_2.13/2.11.4/jackson-module-scala_2.13-2.11.4.jar:/home/vijay/Documents/work/installed/maven_repo/com/fasterxml/jackson/module/jackson-module-paranamer/2.11.4/jackson-module-paranamer-2.11.4.jar:/home/vijay/Documents/work/installed/maven_repo/com/thoughtworks/paranamer/paranamer/2.8/paranamer-2.8.jar:/home/vijay/Documents/work/installed/maven_repo/com/fasterxml/jackson/dataformat/jackson-dataformat-csv/2.11.4/jackson-dataformat-csv-2.11.4.jar:/home/vijay/Documents/work/installed/maven_repo/net/sf/jopt-simple/jopt-simple/5.0.4/jopt-simple-5.0.4.jar:/home/vijay/Documents/work/installed/maven_repo/com/yammer/metrics/metrics-core/2.2.0/metrics-core-2.2.0.jar:/home/vijay/Documents/work/installed/maven_repo/org/scala-lang/modules/scala-collection-compat_2.13/2.1.6/scala-collection-compat_2.13-2.1.6.jar:/home/vijay/Documents/work/installed/maven_repo/org/scala-lang/modules/scala-java8-compat_2.13/0.9.1/scala-java8-compat_2.13-0.9.1.jar:/home/vijay/Documents/work/installed/maven_repo/org/scala-lang/scala-library/2.13.2/scala-library-2.13.2.jar:/home/vijay/Documents/work/installed/maven_repo/org/scala-lang/scala-reflect/2.13.2/scala-reflect-2.13.2.jar:/home/vijay/Documents/work/installed/maven_repo/com/typesafe/scala-logging/scala-logging_2.13/3.9.2/scala-logging_2.13-3.9.2.jar:/home/vijay/Documents/work/installed/maven_repo/org/apache/zookeeper/zookeeper/3.5.8/zookeeper-3.5.8.jar:/home/vijay/Documents/work/installed/maven_repo/org/apache/zookeeper/zookeeper-jute/3.5.8/zookeeper-jute-3.5.8.jar:/home/vijay/Documents/work/installed/maven_repo/org/apache/yetus/audience-annotations/0.5.0/audience-annotations-0.5.0.jar:/home/vijay/Documents/work/installed/maven_repo/io/netty/netty-handler/4.1.58.Final/netty-handler-4.1.58.Final.jar:/home/vijay/Documents/work/installed/maven_repo/io/netty/netty-common/4.1.58.Final/netty-common-4.1.58.Final.jar:/home/vijay/Documents/work/installed/maven_repo/io/netty/netty-resolver/4.1.58.Final/netty-resolver-4.1.58.Final.jar:/home/vijay/Documents/work/installed/maven_repo/io/netty/netty-buffer/4.1.58.Final/netty-buffer-4.1.58.Final.jar:/home/vijay/Documents/work/installed/maven_repo/io/netty/netty-transport/4.1.58.Final/netty-transport-4.1.58.Final.jar:/home/vijay/Documents/work/installed/maven_repo/io/netty/netty-codec/4.1.58.Final/netty-codec-4.1.58.Final.jar:/home/vijay/Documents/work/installed/maven_repo/io/netty/netty-transport-native-epoll/4.1.58.Final/netty-transport-native-epoll-4.1.58.Final.jar:/home/vijay/Documents/work/installed/maven_repo/io/netty/netty-transport-native-unix-common/4.1.58.Final/netty-transport-native-unix-common-4.1.58.Final.jar:/home/vijay/Documents/work/installed/maven_repo/commons-cli/commons-cli/1.4/commons-cli-1.4.jar:/home/vijay/Documents/work/installed/maven_repo/org/apache/kafka/kafka_2.13/2.6.1/kafka_2.13-2.6.1-test.jar:/home/vijay/Documents/work/installed/maven_repo/org/junit/jupiter/junit-jupiter-api/5.7.0/junit-jupiter-api-5.7.0.jar:/home/vijay/Documents/work/installed/maven_repo/org/apiguardian/apiguardian-api/1.1.0/apiguardian-api-1.1.0.jar:/home/vijay/Documents/work/installed/maven_repo/org/opentest4j/opentest4j/1.2.0/opentest4j-1.2.0.jar:/home/vijay/Documents/work/installed/maven_repo/org/junit/platform/junit-platform-commons/1.7.0/junit-platform-commons-1.7.0.jar:"/>
    <property name="sun.cpu.endian" value="little"/>
    <property name="user.home" value="/home/vijay"/>
    <property name="user.language" value="en"/>
    <property name="java.specification.vendor" value="Oracle Corporation"/>
    <property name="java.home" value="/usr/lib/jvm/java-8-openjdk-amd64/jre"/>
    <property name="basedir" value="/home/vijay/Documents/work/07_kafka/code-examples/spring-apache-kafka-demo"/>
    <property name="file.separator" value="/"/>
    <property name="line.separator" value="&#10;"/>
    <property name="java.vm.specification.vendor" value="Oracle Corporation"/>
    <property name="java.specification.name" value="Java Platform API Specification"/>
    <property name="java.awt.graphicsenv" value="sun.awt.X11GraphicsEnvironment"/>
    <property name="surefire.real.class.path" value="/home/vijay/Documents/work/07_kafka/code-examples/spring-apache-kafka-demo/target/surefire/surefirebooter4774238186149358807.jar"/>
    <property name="sun.boot.class.path" value="/usr/lib/jvm/java-8-openjdk-amd64/jre/lib/resources.jar:/usr/lib/jvm/java-8-openjdk-amd64/jre/lib/rt.jar:/usr/lib/jvm/java-8-openjdk-amd64/jre/lib/sunrsasign.jar:/usr/lib/jvm/java-8-openjdk-amd64/jre/lib/jsse.jar:/usr/lib/jvm/java-8-openjdk-amd64/jre/lib/jce.jar:/usr/lib/jvm/java-8-openjdk-amd64/jre/lib/charsets.jar:/usr/lib/jvm/java-8-openjdk-amd64/jre/lib/jfr.jar:/usr/lib/jvm/java-8-openjdk-amd64/jre/classes"/>
    <property name="sun.management.compiler" value="HotSpot 64-Bit Tiered Compilers"/>
    <property name="java.runtime.version" value="1.8.0_181-8u181-b13-0ubuntu0.16.04.1-b13"/>
    <property name="user.name" value="vijay"/>
    <property name="path.separator" value=":"/>
    <property name="os.version" value="4.15.0-34-generic"/>
    <property name="java.endorsed.dirs" value="/usr/lib/jvm/java-8-openjdk-amd64/jre/lib/endorsed"/>
    <property name="java.runtime.name" value="OpenJDK Runtime Environment"/>
    <property name="file.encoding" value="UTF-8"/>
    <property name="java.vm.name" value="OpenJDK 64-Bit Server VM"/>
    <property name="localRepository" value="/home/vijay/Documents/work/installed/maven_repo"/>
    <property name="java.vendor.url.bug" value="http://bugreport.sun.com/bugreport/"/>
    <property name="java.io.tmpdir" value="/tmp"/>
    <property name="java.version" value="1.8.0_181"/>
    <property name="user.dir" value="/home/vijay/Documents/work/07_kafka/code-examples/spring-apache-kafka-demo"/>
    <property name="os.arch" value="amd64"/>
    <property name="java.vm.specification.name" value="Java Virtual Machine Specification"/>
    <property name="java.awt.printerjob" value="sun.print.PSPrinterJob"/>
    <property name="sun.os.patch.level" value="unknown"/>
    <property name="java.library.path" value="/usr/java/packages/lib/amd64:/usr/lib/x86_64-linux-gnu/jni:/lib/x86_64-linux-gnu:/usr/lib/x86_64-linux-gnu:/usr/lib/jni:/lib:/usr/lib"/>
    <property name="java.vm.info" value="mixed mode"/>
    <property name="java.vendor" value="Oracle Corporation"/>
    <property name="java.vm.version" value="25.181-b13"/>
    <property name="java.ext.dirs" value="/usr/lib/jvm/java-8-openjdk-amd64/jre/lib/ext:/usr/java/packages/lib/ext"/>
    <property name="sun.io.unicode.encoding" value="UnicodeLittle"/>
    <property name="java.class.version" value="52.0"/>
  </properties>
  <testcase name="contextLoads" classname="com.vjkhambe.apachekafka.springapachekafkademo.SpringApacheKafkaDemoApplicationTests" time="2.325"/>
</testsuite>